<?xml version="1.0" encoding="UTF-8"?>
<testng-results skipped="0" failed="0" ignored="0" total="1" passed="1">
  <reporter-output>
  </reporter-output>
  <suite name="Default suite" duration-ms="13719" started-at="2022-04-20T17:24:30Z" finished-at="2022-04-20T17:24:44Z">
    <groups>
    </groups>
    <test name="Default test" duration-ms="13719" started-at="2022-04-20T17:24:30Z" finished-at="2022-04-20T17:24:44Z">
      <class name="oneNRB.LogInTest">
        <test-method status="PASS" signature="testDriver()[pri:0, instance:oneNRB.LogInTest@2f686d1f]" name="testDriver" is-config="true" duration-ms="13146" started-at="2022-04-20T12:24:30Z" finished-at="2022-04-20T12:24:43Z">
          <reporter-output>
          </reporter-output>
        </test-method> <!-- testDriver -->
        <test-method status="PASS" signature="test1()[pri:0, instance:oneNRB.LogInTest@2f686d1f]" name="test1" duration-ms="84" started-at="2022-04-20T12:24:43Z" finished-at="2022-04-20T12:24:43Z">
          <reporter-output>
          </reporter-output>
        </test-method> <!-- test1 -->
        <test-method status="PASS" signature="closeBrowser()[pri:0, instance:oneNRB.LogInTest@2f686d1f]" name="closeBrowser" is-config="true" duration-ms="455" started-at="2022-04-20T12:24:44Z" finished-at="2022-04-20T12:24:44Z">
          <reporter-output>
          </reporter-output>
        </test-method> <!-- closeBrowser -->
      </class> <!-- oneNRB.LogInTest -->
    </test> <!-- Default test -->
  </suite> <!-- Default suite -->
</testng-results>
